cheshire/app/build/intermediates/manifest_merge_blame_file/debug/manifest-merger-blame-debug-report.txt
1<?xml version="1.0" encoding="utf-8"?>
2<manifest xmlns:android="http://schemas.android.com/apk/res/android"
3    package="com.chatbot.cheshire"
4    android:versionCode="1"
5    android:versionName="1.0" >
6
7    <uses-sdk
8        android:minSdkVersion="22"
8-->src\main\AndroidManifest.xml
9        android:targetSdkVersion="29" />
9-->src\main\AndroidManifest.xml
10
11    <uses-permission android:name="android.permission.INTERNET" />
11-->src\main\AndroidManifest.xml:6:5-67
11-->src\main\AndroidManifest.xml:6:22-64
12
13    <application
13-->src\main\AndroidManifest.xml:8:5-23:19
14        android:allowBackup="true"
14-->src\main\AndroidManifest.xml:9:9-35
15        android:debuggable="true"
16        android:icon="@mipmap/ic_launcher"
16-->src\main\AndroidManifest.xml:10:9-43
17        android:label="@string/app_name"
17-->src\main\AndroidManifest.xml:11:9-41
18        android:roundIcon="@mipmap/ic_launcher_round"
18-->src\main\AndroidManifest.xml:12:9-54
19        android:supportsRtl="true"
19-->src\main\AndroidManifest.xml:13:9-35
20        android:theme="@style/AppTheme" >
20-->src\main\AndroidManifest.xml:14:9-40
21        <activity android:name="com.chatbot.cheshire.MainActivity" >
21-->src\main\AndroidManifest.xml:16:9-22:20
21-->src\main\AndroidManifest.xml:16:19-47
22            <intent-filter>
22-->src\main\AndroidManifest.xml:17:13-21:29
23                <action android:name="android.intent.action.MAIN" />
23-->src\main\AndroidManifest.xml:18:17-69
23-->src\main\AndroidManifest.xml:18:25-66
24
25                <category android:name="android.intent.category.LAUNCHER" />
25-->src\main\AndroidManifest.xml:20:17-77
25-->src\main\AndroidManifest.xml:20:27-74
26            </intent-filter>
27        </activity>
28
29        <meta-data
29-->[com.android.support:appcompat-v7:26.1.0] AndroidManifest.xml:26:9-28:38
30            android:name="android.support.VERSION"
30-->[com.android.support:appcompat-v7:26.1.0] AndroidManifest.xml:27:13-51
31            android:value="26.1.0" />
31-->[com.android.support:appcompat-v7:26.1.0] AndroidManifest.xml:28:13-35
32        <meta-data
32-->[android.arch.lifecycle:runtime:1.0.0] AndroidManifest.xml:25:9-27:47
33            android:name="android.arch.lifecycle.VERSION"
33-->[android.arch.lifecycle:runtime:1.0.0] AndroidManifest.xml:26:13-58
34            android:value="27.0.0-SNAPSHOT" />
34-->[android.arch.lifecycle:runtime:1.0.0] AndroidManifest.xml:27:13-44
35    </application>
36
37</manifest>